<?xml version="1.0" encoding="UTF-8"?>
<testng-results ignored="0" total="5" passed="4" failed="1" skipped="0">
  <reporter-output>
  </reporter-output>
  <suite started-at="2023-04-05T10:44:28 IST" name="Default suite" finished-at="2023-04-05T10:46:24 IST" duration-ms="115935">
    <groups>
      <group name="cucumber">
        <method signature="AbstractTestNGCucumberTests.runScenario(io.cucumber.testng.PickleWrapper,io.cucumber.testng.FeatureWrapper)[pri:0, instance:org.Runner.Test_Runner@63376bed]" name="runScenario" class="io.cucumber.testng.AbstractTestNGCucumberTests"/>
      </group> <!-- cucumber -->
    </groups>
    <test started-at="2023-04-05T10:44:28 IST" name="Default test" finished-at="2023-04-05T10:46:24 IST" duration-ms="115935">
      <class name="org.Runner.Test_Runner">
        <test-method is-config="true" signature="setUpClass(org.testng.ITestContext)[pri:0, instance:org.Runner.Test_Runner@63376bed]" started-at="2023-04-05T10:44:28 IST" name="setUpClass" finished-at="2023-04-05T10:44:28 IST" duration-ms="174" status="PASS">
          <params>
            <param index="0">
              <value>
                <![CDATA[org.testng.TestRunner@94e51e8]]>
              </value>
            </param>
          </params>
          <reporter-output>
          </reporter-output>
        </test-method> <!-- setUpClass -->
        <test-method signature="runScenario(io.cucumber.testng.PickleWrapper,io.cucumber.testng.FeatureWrapper)[pri:0, instance:org.Runner.Test_Runner@63376bed]" started-at="2023-04-05T10:44:28 IST" name="runScenario" description="Runs Cucumber Scenarios" data-provider="scenarios" finished-at="2023-04-05T10:44:41 IST" duration-ms="12726" status="PASS">
          <params>
            <param index="0">
              <value>
                <![CDATA["verifying  login page web elements UI test"]]>
              </value>
            </param>
            <param index="1">
              <value>
                <![CDATA["sms login page"]]>
              </value>
            </param>
          </params>
          <reporter-output>
          </reporter-output>
        </test-method> <!-- runScenario -->
        <test-method signature="runScenario(io.cucumber.testng.PickleWrapper,io.cucumber.testng.FeatureWrapper)[pri:0, instance:org.Runner.Test_Runner@63376bed]" started-at="2023-04-05T10:44:41 IST" name="runScenario" description="Runs Cucumber Scenarios" data-provider="scenarios" finished-at="2023-04-05T10:45:10 IST" duration-ms="28548" status="PASS">
          <params>
            <param index="0">
              <value>
                <![CDATA["verifying login page with invalid userName and valid password"]]>
              </value>
            </param>
            <param index="1">
              <value>
                <![CDATA["sms login page"]]>
              </value>
            </param>
          </params>
          <reporter-output>
          </reporter-output>
        </test-method> <!-- runScenario -->
        <test-method signature="runScenario(io.cucumber.testng.PickleWrapper,io.cucumber.testng.FeatureWrapper)[pri:0, instance:org.Runner.Test_Runner@63376bed]" started-at="2023-04-05T10:45:10 IST" name="runScenario" description="Runs Cucumber Scenarios" data-provider="scenarios" finished-at="2023-04-05T10:45:38 IST" duration-ms="28476" status="PASS">
          <params>
            <param index="0">
              <value>
                <![CDATA["verifying login page with valid userName and invalid password"]]>
              </value>
            </param>
            <param index="1">
              <value>
                <![CDATA["sms login page"]]>
              </value>
            </param>
          </params>
          <reporter-output>
          </reporter-output>
        </test-method> <!-- runScenario -->
        <test-method signature="runScenario(io.cucumber.testng.PickleWrapper,io.cucumber.testng.FeatureWrapper)[pri:0, instance:org.Runner.Test_Runner@63376bed]" started-at="2023-04-05T10:45:38 IST" name="runScenario" description="Runs Cucumber Scenarios" data-provider="scenarios" finished-at="2023-04-05T10:46:04 IST" duration-ms="25550" status="PASS">
          <params>
            <param index="0">
              <value>
                <![CDATA["verifying login page with invalid userName and invalid password"]]>
              </value>
            </param>
            <param index="1">
              <value>
                <![CDATA["sms login page"]]>
              </value>
            </param>
          </params>
          <reporter-output>
          </reporter-output>
        </test-method> <!-- runScenario -->
        <test-method signature="runScenario(io.cucumber.testng.PickleWrapper,io.cucumber.testng.FeatureWrapper)[pri:0, instance:org.Runner.Test_Runner@63376bed]" started-at="2023-04-05T10:46:04 IST" name="runScenario" description="Runs Cucumber Scenarios" data-provider="scenarios" finished-at="2023-04-05T10:46:24 IST" duration-ms="20407" status="FAIL">
          <params>
            <param index="0">
              <value>
                <![CDATA["verifying login page with valid userName and valid password"]]>
              </value>
            </param>
            <param index="1">
              <value>
                <![CDATA["sms login page"]]>
              </value>
            </param>
          </params>
          <exception class="org.openqa.selenium.UnhandledAlertException">
            <message>
              <![CDATA[unexpected alert open: {Alert text : Invalid Captcha.}
  (Session info: chrome=111.0.5563.147): Invalid Captcha.
Build info: version: '3.141.59', revision: 'e82be7d358', time: '2018-11-14T08:17:03'
System info: host: 'NHCLPT520', ip: '192.168.0.104', os.name: 'Windows 10', os.arch: 'amd64', os.version: '10.0', java.version: '16.0.2'
Driver info: org.openqa.selenium.chrome.ChromeDriver
Capabilities {acceptInsecureCerts: false, browserName: chrome, browserVersion: 111.0.5563.147, chrome: {chromedriverVersion: 111.0.5563.64 (c710e93d5b63..., userDataDir: C:\Users\400121~1.LNT\AppDa...}, goog:chromeOptions: {debuggerAddress: localhost:57102}, javascriptEnabled: true, networkConnectionEnabled: false, pageLoadStrategy: normal, platform: WINDOWS, platformName: WINDOWS, proxy: Proxy(), setWindowRect: true, strictFileInteractability: false, timeouts: {implicit: 0, pageLoad: 300000, script: 30000}, unhandledPromptBehavior: dismiss and notify, webauthn:extension:credBlob: true, webauthn:extension:largeBlob: true, webauthn:extension:minPinLength: true, webauthn:extension:prf: true, webauthn:virtualAuthenticators: true}
Session ID: 3bb86c202bc08b8bf5d93e4497ce50e3]]>
            </message>
            <full-stacktrace>
              <![CDATA[org.openqa.selenium.UnhandledAlertException: unexpected alert open: {Alert text : Invalid Captcha.}
  (Session info: chrome=111.0.5563.147): Invalid Captcha.
Build info: version: '3.141.59', revision: 'e82be7d358', time: '2018-11-14T08:17:03'
System info: host: 'NHCLPT520', ip: '192.168.0.104', os.name: 'Windows 10', os.arch: 'amd64', os.version: '10.0', java.version: '16.0.2'
Driver info: org.openqa.selenium.chrome.ChromeDriver
Capabilities {acceptInsecureCerts: false, browserName: chrome, browserVersion: 111.0.5563.147, chrome: {chromedriverVersion: 111.0.5563.64 (c710e93d5b63..., userDataDir: C:\Users\400121~1.LNT\AppDa...}, goog:chromeOptions: {debuggerAddress: localhost:57102}, javascriptEnabled: true, networkConnectionEnabled: false, pageLoadStrategy: normal, platform: WINDOWS, platformName: WINDOWS, proxy: Proxy(), setWindowRect: true, strictFileInteractability: false, timeouts: {implicit: 0, pageLoad: 300000, script: 30000}, unhandledPromptBehavior: dismiss and notify, webauthn:extension:credBlob: true, webauthn:extension:largeBlob: true, webauthn:extension:minPinLength: true, webauthn:extension:prf: true, webauthn:virtualAuthenticators: true}
Session ID: 3bb86c202bc08b8bf5d93e4497ce50e3
at org.openqa.selenium.remote.http.W3CHttpResponseCodec.decode(W3CHttpResponseCodec.java:120)
at org.openqa.selenium.remote.http.W3CHttpResponseCodec.decode(W3CHttpResponseCodec.java:49)
at org.openqa.selenium.remote.HttpCommandExecutor.execute(HttpCommandExecutor.java:158)
at org.openqa.selenium.remote.service.DriverCommandExecutor.execute(DriverCommandExecutor.java:83)
at org.openqa.selenium.remote.RemoteWebDriver.execute(RemoteWebDriver.java:552)
at org.openqa.selenium.remote.RemoteWebDriver.execute(RemoteWebDriver.java:609)
at org.openqa.selenium.remote.RemoteWebDriver.getCurrentUrl(RemoteWebDriver.java:287)
at org.pageObjectRep.loginPage.verify_navigate_stdprofile(loginPage.java:147)
at org.StepDefinitions.StepDef.user_will_get_validation_message4(StepDef.java:181)
at ✽.user will get validation message4(file:///D:/Issue_Resolve/SMS/src/test/java/org/Features/TC1_1login.feature:41)
]]>
            </full-stacktrace>
          </exception> <!-- org.openqa.selenium.UnhandledAlertException -->
          <reporter-output>
          </reporter-output>
        </test-method> <!-- runScenario -->
        <test-method is-config="true" signature="tearDownClass()[pri:0, instance:org.Runner.Test_Runner@63376bed]" started-at="2023-04-05T10:46:24 IST" name="tearDownClass" finished-at="2023-04-05T10:46:24 IST" duration-ms="9" status="PASS">
          <reporter-output>
          </reporter-output>
        </test-method> <!-- tearDownClass -->
      </class> <!-- org.Runner.Test_Runner -->
    </test> <!-- Default test -->
  </suite> <!-- Default suite -->
</testng-results>
